0 info it worked if it ends with ok
1 verbose cli [ 'node', '/usr/local/bin/npm', 'publish' ]
2 info using npm@1.2.21
3 info using node@v0.10.7
4 verbose publish [ '.' ]
5 verbose read json /Users/elucas/dev/code/node/errno/package.json
6 verbose cache add [ '.', null ]
7 verbose cache add name=undefined spec="." args=[".",null]
8 verbose parsed url { protocol: null,
8 verbose parsed url   slashes: null,
8 verbose parsed url   auth: null,
8 verbose parsed url   host: null,
8 verbose parsed url   port: null,
8 verbose parsed url   hostname: null,
8 verbose parsed url   hash: null,
8 verbose parsed url   search: null,
8 verbose parsed url   query: null,
8 verbose parsed url   pathname: '.',
8 verbose parsed url   path: '.',
8 verbose parsed url   href: '.' }
9 silly lockFile 3a52ce78- .
10 verbose lock . /Users/elucas/.npm/3a52ce78-.lock
11 verbose read json package.json
12 verbose tar pack [ '/var/folders/pk/frdz093x5v5ftfn52x18mgwc0000gn/T/npm-1062/1369807478192-0.36484637670218945/tmp.tgz',
12 verbose tar pack   '.' ]
13 verbose tarball /var/folders/pk/frdz093x5v5ftfn52x18mgwc0000gn/T/npm-1062/1369807478192-0.36484637670218945/tmp.tgz
14 verbose folder .
15 info prepublish errno@0.0.1
16 silly lockFile 3a52ce78- .
17 verbose lock . /Users/elucas/.npm/3a52ce78-.lock
18 silly lockFile 2e204696-8192-0-36484637670218945-tmp-tgz /var/folders/pk/frdz093x5v5ftfn52x18mgwc0000gn/T/npm-1062/1369807478192-0.36484637670218945/tmp.tgz
19 verbose lock /var/folders/pk/frdz093x5v5ftfn52x18mgwc0000gn/T/npm-1062/1369807478192-0.36484637670218945/tmp.tgz /Users/elucas/.npm/2e204696-8192-0-36484637670218945-tmp-tgz.lock
20 silly lockFile 3a52ce78- .
21 silly lockFile 3a52ce78- .
22 silly lockFile 2e204696-8192-0-36484637670218945-tmp-tgz /var/folders/pk/frdz093x5v5ftfn52x18mgwc0000gn/T/npm-1062/1369807478192-0.36484637670218945/tmp.tgz
23 silly lockFile 2e204696-8192-0-36484637670218945-tmp-tgz /var/folders/pk/frdz093x5v5ftfn52x18mgwc0000gn/T/npm-1062/1369807478192-0.36484637670218945/tmp.tgz
24 verbose tar unpack /var/folders/pk/frdz093x5v5ftfn52x18mgwc0000gn/T/npm-1062/1369807478192-0.36484637670218945/tmp.tgz
25 silly lockFile f1d3e4df-8192-0-36484637670218945-package /var/folders/pk/frdz093x5v5ftfn52x18mgwc0000gn/T/npm-1062/1369807478192-0.36484637670218945/package
26 verbose lock /var/folders/pk/frdz093x5v5ftfn52x18mgwc0000gn/T/npm-1062/1369807478192-0.36484637670218945/package /Users/elucas/.npm/f1d3e4df-8192-0-36484637670218945-package.lock
27 silly lockFile 2e204696-8192-0-36484637670218945-tmp-tgz /var/folders/pk/frdz093x5v5ftfn52x18mgwc0000gn/T/npm-1062/1369807478192-0.36484637670218945/tmp.tgz
28 verbose lock /var/folders/pk/frdz093x5v5ftfn52x18mgwc0000gn/T/npm-1062/1369807478192-0.36484637670218945/tmp.tgz /Users/elucas/.npm/2e204696-8192-0-36484637670218945-tmp-tgz.lock
29 silly gunzTarPerm modes [ '755', '644' ]
30 silly gunzTarPerm extractEntry package.json
31 silly gunzTarPerm extractEntry .npmignore
32 silly gunzTarPerm extractEntry README.md
33 silly gunzTarPerm extractEntry test.js
34 silly gunzTarPerm extractEntry Makefile
35 silly gunzTarPerm extractEntry lib/index.js
36 verbose read json /var/folders/pk/frdz093x5v5ftfn52x18mgwc0000gn/T/npm-1062/1369807478192-0.36484637670218945/package/package.json
37 silly lockFile f1d3e4df-8192-0-36484637670218945-package /var/folders/pk/frdz093x5v5ftfn52x18mgwc0000gn/T/npm-1062/1369807478192-0.36484637670218945/package
38 silly lockFile f1d3e4df-8192-0-36484637670218945-package /var/folders/pk/frdz093x5v5ftfn52x18mgwc0000gn/T/npm-1062/1369807478192-0.36484637670218945/package
39 silly lockFile 2e204696-8192-0-36484637670218945-tmp-tgz /var/folders/pk/frdz093x5v5ftfn52x18mgwc0000gn/T/npm-1062/1369807478192-0.36484637670218945/tmp.tgz
40 silly lockFile 2e204696-8192-0-36484637670218945-tmp-tgz /var/folders/pk/frdz093x5v5ftfn52x18mgwc0000gn/T/npm-1062/1369807478192-0.36484637670218945/tmp.tgz
41 verbose from cache /var/folders/pk/frdz093x5v5ftfn52x18mgwc0000gn/T/npm-1062/1369807478192-0.36484637670218945/package/package.json
42 verbose tar pack [ '/Users/elucas/.npm/errno/0.0.1/package.tgz',
42 verbose tar pack   '/var/folders/pk/frdz093x5v5ftfn52x18mgwc0000gn/T/npm-1062/1369807478192-0.36484637670218945/package' ]
43 verbose tarball /Users/elucas/.npm/errno/0.0.1/package.tgz
44 verbose folder /var/folders/pk/frdz093x5v5ftfn52x18mgwc0000gn/T/npm-1062/1369807478192-0.36484637670218945/package
45 silly lockFile f1d3e4df-8192-0-36484637670218945-package /var/folders/pk/frdz093x5v5ftfn52x18mgwc0000gn/T/npm-1062/1369807478192-0.36484637670218945/package
46 verbose lock /var/folders/pk/frdz093x5v5ftfn52x18mgwc0000gn/T/npm-1062/1369807478192-0.36484637670218945/package /Users/elucas/.npm/f1d3e4df-8192-0-36484637670218945-package.lock
47 silly lockFile 5a8591c4-ucas-npm-errno-0-0-1-package-tgz /Users/elucas/.npm/errno/0.0.1/package.tgz
48 verbose lock /Users/elucas/.npm/errno/0.0.1/package.tgz /Users/elucas/.npm/5a8591c4-ucas-npm-errno-0-0-1-package-tgz.lock
49 silly lockFile f1d3e4df-8192-0-36484637670218945-package /var/folders/pk/frdz093x5v5ftfn52x18mgwc0000gn/T/npm-1062/1369807478192-0.36484637670218945/package
50 silly lockFile f1d3e4df-8192-0-36484637670218945-package /var/folders/pk/frdz093x5v5ftfn52x18mgwc0000gn/T/npm-1062/1369807478192-0.36484637670218945/package
51 silly lockFile 5a8591c4-ucas-npm-errno-0-0-1-package-tgz /Users/elucas/.npm/errno/0.0.1/package.tgz
52 silly lockFile 5a8591c4-ucas-npm-errno-0-0-1-package-tgz /Users/elucas/.npm/errno/0.0.1/package.tgz
53 silly lockFile 64db3bcb-s-elucas-npm-errno-0-0-1-package /Users/elucas/.npm/errno/0.0.1/package
54 verbose lock /Users/elucas/.npm/errno/0.0.1/package /Users/elucas/.npm/64db3bcb-s-elucas-npm-errno-0-0-1-package.lock
55 silly lockFile 64db3bcb-s-elucas-npm-errno-0-0-1-package /Users/elucas/.npm/errno/0.0.1/package
56 silly lockFile 64db3bcb-s-elucas-npm-errno-0-0-1-package /Users/elucas/.npm/errno/0.0.1/package
57 verbose tar unpack /Users/elucas/.npm/errno/0.0.1/package.tgz
58 silly lockFile 64db3bcb-s-elucas-npm-errno-0-0-1-package /Users/elucas/.npm/errno/0.0.1/package
59 verbose lock /Users/elucas/.npm/errno/0.0.1/package /Users/elucas/.npm/64db3bcb-s-elucas-npm-errno-0-0-1-package.lock
60 silly lockFile 5a8591c4-ucas-npm-errno-0-0-1-package-tgz /Users/elucas/.npm/errno/0.0.1/package.tgz
61 verbose lock /Users/elucas/.npm/errno/0.0.1/package.tgz /Users/elucas/.npm/5a8591c4-ucas-npm-errno-0-0-1-package-tgz.lock
62 silly gunzTarPerm modes [ '755', '644' ]
63 silly gunzTarPerm extractEntry package.json
64 silly gunzTarPerm extractEntry .npmignore
65 silly gunzTarPerm extractEntry README.md
66 silly gunzTarPerm extractEntry test.js
67 silly gunzTarPerm extractEntry Makefile
68 silly gunzTarPerm extractEntry lib/index.js
69 verbose read json /Users/elucas/.npm/errno/0.0.1/package/package.json
70 silly lockFile 64db3bcb-s-elucas-npm-errno-0-0-1-package /Users/elucas/.npm/errno/0.0.1/package
71 silly lockFile 64db3bcb-s-elucas-npm-errno-0-0-1-package /Users/elucas/.npm/errno/0.0.1/package
72 silly lockFile 5a8591c4-ucas-npm-errno-0-0-1-package-tgz /Users/elucas/.npm/errno/0.0.1/package.tgz
73 silly lockFile 5a8591c4-ucas-npm-errno-0-0-1-package-tgz /Users/elucas/.npm/errno/0.0.1/package.tgz
74 verbose from cache /Users/elucas/.npm/errno/0.0.1/package/package.json
75 verbose chmod /Users/elucas/.npm/errno/0.0.1/package.tgz 644
76 verbose chown /Users/elucas/.npm/errno/0.0.1/package.tgz [ 501, 20 ]
77 silly lockFile 3a52ce78- .
78 silly publish { name: 'errno',
78 silly publish   version: '0.0.1',
78 silly publish   description: 'UNIX errors with additions for launchctl',
78 silly publish   main: './lib/index.js',
78 silly publish   scripts: { test: 'make' },
78 silly publish   repository: { type: 'git', url: 'https://github.com/evanlucas/node-errno' },
78 silly publish   keywords: [ 'errno' ],
78 silly publish   author: { name: 'Evan Lucas' },
78 silly publish   license: 'BSD',
78 silly publish   devDependencies: { mocha: '~1.9.0', should: '~1.2.2' },
78 silly publish   readme: '# node-errno\n\nAn easier way to track errno\'s\n\nThis is mainly for use with [node-launchctl](http://github.com/evanlucas/node-launchctl)\n\n## Install\n\n    npm install errno\n\n\n## API\n\n### #strerror(errno)\n\nParams:\n\n- {Number} errno The error number\n\nExample:\n\n    var errno = require(\'errno\')\n    console.log(errno.strerror(148));\n    // outputs "Invalid domain"\n\n### #errorForCode(code)\n\nParams:\n\n- {String} code The error code\n\nExample:\n\n    var errno = require(\'errno\')\n    var err = errno.errorForCode(\'EIVALDO\');\n    console.log(err);\n\nReturns: An Error object containing\n\n    {\n      code: \'EIVALDO\',\n      msg: \'Invalid domain\',\n      errno: 148\n    }\n',
78 silly publish   readmeFilename: 'README.md',
78 silly publish   bugs: { url: 'https://github.com/evanlucas/node-errno/issues' },
78 silly publish   _id: 'errno@0.0.1',
78 silly publish   dist: { shasum: 'd6fa333773ddf120e3f168b197764f4a7bfea923' },
78 silly publish   _from: '.' }
79 verbose url raw errno
80 verbose url resolving [ 'https://registry.npmjs.org/', './errno' ]
81 verbose url resolved https://registry.npmjs.org/errno
82 info trying registry request attempt 1 at 01:05:38
83 http PUT https://registry.npmjs.org/errno
84 http 409 https://registry.npmjs.org/errno
85 verbose url raw errno
86 verbose url resolving [ 'https://registry.npmjs.org/', './errno' ]
87 verbose url resolved https://registry.npmjs.org/errno
88 info trying registry request attempt 1 at 01:05:39
89 http GET https://registry.npmjs.org/errno
90 http 200 https://registry.npmjs.org/errno
91 error publish fail Cannot publish over existing version.
91 error publish fail Update the 'version' field in package.json and try again.
91 error publish fail
91 error publish fail If the previous version was published in error, see:
91 error publish fail     npm help unpublish
91 error publish fail
91 error publish fail To automatically increment version numbers, see:
91 error publish fail     npm help version
92 error System Darwin 12.3.0
93 error command "node" "/usr/local/bin/npm" "publish"
94 error cwd /Users/elucas/dev/code/node/errno
95 error node -v v0.10.7
96 error npm -v 1.2.21
97 error code EPUBLISHCONFLICT
98 verbose exit [ 1, true ]
